 ВыбралГород_18 в 14.02.2019 14:59:38. Данные:    Город_18  15 -  12 °c 727 - 747 мм.рт.ст.
 ВыбралГород_14 в 14.02.2019 14:59:39. Данные:    Город_14  15 -  10 °c 732 - 750 мм.рт.ст.
 ВыбралГород_8 в 14.02.2019 14:59:39. Данные:     Город_8  15 -  13 °c 741 - 759 мм.рт.ст.
 ВыбралГород_14 в 14.02.2019 15:00:15. Данные:    Город_14  15 -  10 °c 732 - 750 мм.рт.ст.
 ВыбралГород_20 в 14.02.2019 15:00:16. Данные:    Город_20  18 -  10 °c 736 - 756 мм.рт.ст.
 ВыбралГород: Архангельск в 15.02.2019 11:38:50. Данные:  Город: Архангельск  15 -  12 °c 738 - 756 мм.рт.ст.
 ВыбралГород: Барнаул в 15.02.2019 11:38:50. Данные:  Город: Барнаул  15 -  13 °c 734 - 755 мм.рт.ст.
 ВыбралГород: Канск в 15.02.2019 11:38:51. Данные:  Город: Канск  16 -  13 °c 738 - 758 мм.рт.ст.
 ВыбралГород: Новосибирск в 15.02.2019 11:38:51. Данные:  Город: Новосибирск  16 -  12 °c 741 - 746 мм.рт.ст.
 ВыбралГород: Санкт-Петербург в 15.02.2019 11:38:51. Данные:  Город: Санкт-Петербург  14 -  12 °c 728 - 751 мм.рт.ст.
 ВыбралГород: Челябинск в 15.02.2019 11:38:52. Данные:  Город: Челябинск  15 -  10 °c 743 - 748 мм.рт.ст.
 ВыбралГород: Томск в 15.02.2019 11:38:52. Данные:  Город: Томск  16 -  10 °c 726 - 748 мм.рт.ст.
 ВыбралГород: Минусинск в 15.02.2019 11:38:52. Данные:  Город: Минусинск  14 -  13 °c 739 - 759 мм.рт.ст.
 ВыбралГород: Архангельск в 15.02.2019 11:38:53. Данные:  Город: Архангельск  15 -  12 °c 738 - 756 мм.рт.ст.
 ВыбралГород: Барнаул в 15.02.2019 11:38:54. Данные:  Город: Барнаул  15 -  13 °c 734 - 755 мм.рт.ст.
 ВыбралГород: Ачинск в 15.02.2019 11:38:54. Данные:  Город: Ачинск  17 -  12 °c 732 - 749 мм.рт.ст.
 ВыбралГород: Барнаул в 15.02.2019 11:38:55. Данные:  Город: Барнаул  15 -  13 °c 734 - 755 мм.рт.ст.
 ВыбралГород: Братск в 15.02.2019 11:38:56. Данные:  Город: Братск  14 -  11 °c 739 - 757 мм.рт.ст.
 ВыбралГород: Дудинка в 15.02.2019 11:38:56. Данные:  Город: Дудинка  17 -  10 °c 734 - 759 мм.рт.ст.
 ВыбралГород: Екатеринбург в 15.02.2019 11:38:56. Данные:  Город: Екатеринбург  15 -  10 °c 721 - 751 мм.рт.ст.
 ВыбралГород: Иркутск в 15.02.2019 11:38:57. Данные:  Город: Иркутск  18 -  13 °c 722 - 748 мм.рт.ст.
 ВыбралГород: Канск в 15.02.2019 11:38:57. Данные:  Город: Канск  16 -  13 °c 738 - 758 мм.рт.ст.
 ВыбралГород: Кемерово в 15.02.2019 11:38:57. Данные:  Город: Кемерово  15 -  12 °c 743 - 753 мм.рт.ст.
 ВыбралГород: Красноярск в 15.02.2019 11:38:58. Данные:  Город: Красноярск  16 -  12 °c 725 - 755 мм.рт.ст.
 ВыбралГород: Минусинск в 15.02.2019 11:38:58. Данные:  Город: Минусинск  14 -  13 °c 739 - 759 мм.рт.ст.
 ВыбралГород: Мирный в 15.02.2019 11:38:58. Данные:  Город: Мирный  16 -  12 °c 727 - 756 мм.рт.ст.
 ВыбралГород: Москва в 15.02.2019 11:38:58. Данные:  Город: Москва  16 -  11 °c 740 - 749 мм.рт.ст.
 ВыбралГород: Мирный в 15.02.2019 11:38:58. Данные:  Город: Мирный  16 -  12 °c 727 - 756 мм.рт.ст.
 ВыбралГород: Москва в 15.02.2019 11:38:59. Данные:  Город: Москва  16 -  11 °c 740 - 749 мм.рт.ст.
 ВыбралГород: Новосибирск в 15.02.2019 11:38:59. Данные:  Город: Новосибирск  16 -  12 °c 741 - 746 мм.рт.ст.
 ВыбралГород: Норильск в 15.02.2019 11:38:59. Данные:  Город: Норильск  17 -  11 °c 742 - 745 мм.рт.ст.
 ВыбралГород: Омск в 15.02.2019 11:39:00. Данные:  Город: Омск  16 -  11 °c 741 - 749 мм.рт.ст.
 ВыбралГород: Санкт-Петербург в 15.02.2019 11:39:00. Данные:  Город: Санкт-Петербург  14 -  12 °c 728 - 751 мм.рт.ст.
 ВыбралГород: Томск в 15.02.2019 11:39:00. Данные:  Город: Томск  16 -  10 °c 726 - 748 мм.рт.ст.
 ВыбралГород: Тюмень в 15.02.2019 11:39:01. Данные:  Город: Тюмень  18 -  13 °c 742 - 750 мм.рт.ст.
 ВыбралГород: Челябинск в 15.02.2019 11:39:01. Данные:  Город: Челябинск  15 -  10 °c 743 - 748 мм.рт.ст.
 ВыбралГород: Архангельск в 15.02.2019 11:39:44. Данные:  Город: Архангельск  16 -  11 °c 726 - 756 мм.рт.ст.
 ВыбралГород: Ачинск в 15.02.2019 11:39:45. Данные:  Город: Ачинск  15 -  10 °c 739 - 749 мм.рт.ст.
 ВыбралГород: Барнаул в 15.02.2019 11:39:45. Данные:  Город: Барнаул  16 -  10 °c 744 - 752 мм.рт.ст.
 ВыбралГород: Братск в 15.02.2019 11:39:45. Данные:  Город: Братск  14 -  13 °c 742 - 759 мм.рт.ст.
 ВыбралГород: Дудинка в 15.02.2019 11:39:46. Данные:  Город: Дудинка  18 -  12 °c 724 - 751 мм.рт.ст.
 ВыбралГород: Екатеринбург в 15.02.2019 11:39:46. Данные:  Город: Екатеринбург  16 -  11 °c 728 - 756 мм.рт.ст.
 ВыбралГород: Иркутск в 15.02.2019 11:39:46. Данные:  Город: Иркутск  14 -  10 °c 725 - 757 мм.рт.ст.
 ВыбралГород: Канск в 15.02.2019 11:39:47. Данные:  Город: Канск  17 -  13 °c 741 - 757 мм.рт.ст.
 ВыбралГород: Кемерово в 15.02.2019 11:39:47. Данные:  Город: Кемерово  14 -  11 °c 728 - 752 мм.рт.ст.
 ВыбралГород: Красноярск в 15.02.2019 11:39:47. Данные:  Город: Красноярск  18 -  12 °c 734 - 759 мм.рт.ст.
 ВыбралГород: Минусинск в 15.02.2019 11:39:48. Данные:  Город: Минусинск  15 -  10 °c 723 - 748 мм.рт.ст.
 ВыбралГород: Мирный в 15.02.2019 11:39:48. Данные:  Город: Мирный  18 -  11 °c 721 - 758 мм.рт.ст.
 ВыбралГород: Москва в 15.02.2019 11:39:48. Данные:  Город: Москва  14 -  11 °c 724 - 757 мм.рт.ст.
 ВыбралГород: Новосибирск в 15.02.2019 11:39:49. Данные:  Город: Новосибирск  14 -  11 °c 738 - 747 мм.рт.ст.
 ВыбралГород: Норильск в 15.02.2019 11:39:49. Данные:  Город: Норильск  14 -  11 °c 735 - 746 мм.рт.ст.
 ВыбралГород: Омск в 15.02.2019 11:39:49. Данные:  Город: Омск  17 -  13 °c 734 - 754 мм.рт.ст.
 ВыбралГород: Санкт-Петербург в 15.02.2019 11:39:50. Данные:  Город: Санкт-Петербург  15 -  10 °c 731 - 756 мм.рт.ст.
 ВыбралГород: Томск в 15.02.2019 11:39:50. Данные:  Город: Томск  16 -  11 °c 722 - 751 мм.рт.ст.
 ВыбралГород: Тюмень в 15.02.2019 11:39:50. Данные:  Город: Тюмень  14 -  10 °c 725 - 750 мм.рт.ст.
 ВыбралГород: Челябинск в 15.02.2019 11:39:51. Данные:  Город: Челябинск  15 -  10 °c 741 - 756 мм.рт.ст.
 ВыбралБратск в 15.02.2019 11:42:14. Данные:      Братск  18 -  12 °c 721 - 754 мм.рт.ст.
 ВыбралБарнаул в 15.02.2019 11:42:15. Данные:     Барнаул  14 -  11 °c 731 - 747 мм.рт.ст.
 ВыбралАчинск в 15.02.2019 11:42:15. Данные:      Ачинск  17 -  11 °c 728 - 754 мм.рт.ст.
 ВыбралБратск в 15.02.2019 11:42:16. Данные:      Братск  18 -  12 °c 721 - 754 мм.рт.ст.
 ВыбралЕкатеринбург в 15.02.2019 11:42:16. Данные:  Екатеринбург  14 -  11 °c 730 - 745 мм.рт.ст.
 ВыбралМосква в 15.02.2019 11:42:16. Данные:      Москва  15 -  11 °c 723 - 746 мм.рт.ст.
 ВыбралКрасноярск в 15.02.2019 11:42:17. Данные:  Красноярск  18 -  13 °c 736 - 745 мм.рт.ст.
 ВыбралСанкт-Петербург в 15.02.2019 11:42:18. Данные:  Санкт-Петербург  14 -  11 °c 739 - 749 мм.рт.ст.
 ВыбралТюмень в 15.02.2019 11:42:18. Данные:      Тюмень  16 -  10 °c 744 - 748 мм.рт.ст.
 ВыбралЧелябинск в 15.02.2019 11:42:21. Данные:   Челябинск  18 -  13 °c 726 - 750 мм.рт.ст.
 ВыбралБарнаул в 15.02.2019 11:43:47. Данные:     Барнаул  16 -  11 °c 733 - 759 мм.рт.ст.
 ВыбралДудинка в 15.02.2019 11:43:48. Данные:     Дудинка  15 -  10 °c 722 - 751 мм.рт.ст.
 ВыбралКанск в 15.02.2019 11:43:48. Данные:       Канск  18 -  13 °c 730 - 758 мм.рт.ст.
 ВыбралМирный в 15.02.2019 11:43:48. Данные:      Мирный  15 -  10 °c 726 - 754 мм.рт.ст.
 ВыбралСанкт-Петербург в 15.02.2019 11:43:49. Данные:  Санкт-Петербург  18 -  12 °c 742 - 746 мм.рт.ст.
 ВыбралТомск в 15.02.2019 11:43:49. Данные:       Томск  16 -  13 °c 726 - 745 мм.рт.ст.
 ВыбралАчинск в 15.02.2019 11:44:06. Данные:      Ачинск  14 -  13 °c 736 - 757 мм.рт.ст.
 ВыбралИркутск в 15.02.2019 11:44:06. Данные:     Иркутск  17 -  11 °c 730 - 759 мм.рт.ст.
 ВыбралИркутск в 15.02.2019 15:23:28. Данные:     Иркутск  12 -  12 °c 725 - 751 мм.рт.ст.
 ВыбралБратск в 15.02.2019 15:23:29. Данные:      Братск  12 -  12 °c 733 - 755 мм.рт.ст.
 ВыбралБарнаул в 15.02.2019 15:23:29. Данные:     Барнаул  13 -  10 °c 730 - 759 мм.рт.ст.
 ВыбралМинусинск в 15.02.2019 15:23:29. Данные:   Минусинск  12 -  13 °c 721 - 752 мм.рт.ст.
 ВыбралСанкт-Петербург в 15.02.2019 15:23:30. Данные:  Санкт-Петербург  13 -  13 °c 722 - 758 мм.рт.ст.
 ВыбралАрхангельск в 15.02.2019 15:33:59. Данные:  Архангельск   0 -  12 °c 726 - 749 мм.рт.ст.
 ВыбралБарнаул в 15.02.2019 15:34:00. Данные:     Барнаул -10 -  12 °c 733 - 755 мм.рт.ст.
 ВыбралАчинск в 15.02.2019 15:34:01. Данные:      Ачинск  -4 -  13 °c 724 - 754 мм.рт.ст.
 ВыбралЕкатеринбург в 15.02.2019 15:34:02. Данные:  Екатеринбург  -4 -  10 °c 723 - 754 мм.рт.ст.
 ВыбралКемерово в 15.02.2019 15:34:02. Данные:    Кемерово  -8 -  12 °c 742 - 753 мм.рт.ст.
 ВыбралКрасноярск в 15.02.2019 15:34:03. Данные:  Красноярск  -6 -  13 °c 740 - 749 мм.рт.ст.
 ВыбралНорильск в 15.02.2019 15:34:03. Данные:    Норильск  -8 -  11 °c 735 - 754 мм.рт.ст.
 ВыбралМосква в 15.02.2019 15:34:04. Данные:      Москва   1 -  11 °c 722 - 745 мм.рт.ст.
 ВыбралКанск в 15.02.2019 15:34:05. Данные:       Канск  -8 -  11 °c 728 - 749 мм.рт.ст.
 ВыбралСанкт-Петербург в 15.02.2019 15:34:06. Данные:  Санкт-Петербург   3 -  10 °c 720 - 747 мм.рт.ст.
 ВыбралЧелябинск в 15.02.2019 15:34:07. Данные:   Челябинск  -5 -  13 °c 726 - 748 мм.рт.ст.
 ВыбралНорильск в 15.02.2019 15:34:07. Данные:    Норильск  -8 -  11 °c 735 - 754 мм.рт.ст.
 ВыбралСанкт-Петербург в 15.02.2019 15:34:08. Данные:  Санкт-Петербург   3 -  10 °c 720 - 747 мм.рт.ст.
 ВыбралСанкт-Петербург в 15.02.2019 15:34:09. Данные:  Санкт-Петербург   3 -  10 °c 720 - 747 мм.рт.ст.
 ВыбралТюмень в 15.02.2019 15:34:09. Данные:      Тюмень  -5 -  11 °c 727 - 758 мм.рт.ст.
 ВыбралМирный в 15.02.2019 15:34:10. Данные:      Мирный   0 -  10 °c 731 - 758 мм.рт.ст.
 ВыбралДудинка в 15.02.2019 15:34:10. Данные:     Дудинка -12 -  13 °c 732 - 748 мм.рт.ст.
 ВыбралМирный в 15.02.2019 15:34:11. Данные:      Мирный   0 -  10 °c 731 - 758 мм.рт.ст.
 ВыбралИркутск в 15.02.2019 15:34:14. Данные:     Иркутск -11 -  11 °c 731 - 756 мм.рт.ст.
 ВыбралКрасноярск в 15.02.2019 15:34:55. Данные:  Красноярск  -6 -  -8 °c 735 - 756 мм.рт.ст.
 ВыбралДудинка в 15.02.2019 15:34:55. Данные:     Дудинка -12 - -16 °c 720 - 747 мм.рт.ст.
 ВыбралАчинск в 15.02.2019 15:34:56. Данные:      Ачинск  -4 -  -8 °c 744 - 750 мм.рт.ст.
 ВыбралДудинка в 15.02.2019 15:34:56. Данные:     Дудинка -12 - -16 °c 720 - 747 мм.рт.ст.
 ВыбралКемерово в 15.02.2019 15:38:20. Данные:    Кемерово  -8 - -10 °c 774 - 772 мм.рт.ст.
 ВыбралМинусинск в 15.02.2019 15:38:21. Данные:   Минусинск  -7 - -13 °c 776 - 773 мм.рт.ст.
 ВыбралИркутск в 15.02.2019 15:38:21. Данные:     Иркутск -11 - -17 °c 777 - 776 мм.рт.ст.
 ВыбралБарнаул в 15.02.2019 15:38:22. Данные:     Барнаул -10 - -13 °c 774 - 772 мм.рт.ст.
 ВыбралАрхангельск в 15.02.2019 15:38:22. Данные:  Архангельск   0 -  -1 °c 740 - 737 мм.рт.ст.
 ВыбралБарнаул в 15.02.2019 15:38:23. Данные:     Барнаул -10 - -13 °c 774 - 772 мм.рт.ст.
 ВыбралЕкатеринбург в 15.02.2019 15:38:23. Данные:  Екатеринбург  -4 -  -6 °c 760 - 758 мм.рт.ст.
 ВыбралМирный в 15.02.2019 15:38:23. Данные:      Мирный   0 -   0 °c 743 - 741 мм.рт.ст.
 ВыбралОмск в 15.02.2019 15:38:24. Данные:        Омск  -9 - -12 °c 766 - 763 мм.рт.ст.
 ВыбралТюмень в 15.02.2019 15:38:24. Данные:      Тюмень  -5 -  -8 °c 758 - 757 мм.рт.ст.
 ВыбралТюмень в 15.02.2019 15:38:24. Данные:      Тюмень  -5 -  -8 °c 758 - 757 мм.рт.ст.
 ВыбралТомск в 15.02.2019 15:38:25. Данные:       Томск  -7 -  -9 °c 773 - 770 мм.рт.ст.
 ВыбралСанкт-Петербург в 15.02.2019 15:38:25. Данные:  Санкт-Петербург   3 -   2 °c 758 - 758 мм.рт.ст.
 ВыбралНорильск в 15.02.2019 15:38:26. Данные:    Норильск  -8 - -14 °c 749 - 743 мм.рт.ст.
 ВыбралМосква в 15.02.2019 15:38:28. Данные:      Москва   1 -   0 °c 761 - 760 мм.рт.ст.
 ВыбралМирный в 15.02.2019 15:38:28. Данные:      Мирный   0 -   0 °c 743 - 741 мм.рт.ст.
 ВыбралКемерово в 15.02.2019 15:38:29. Данные:    Кемерово  -8 - -10 °c 774 - 772 мм.рт.ст.
 ВыбралКрасноярск в 15.02.2019 15:38:30. Данные:  Красноярск  -6 -  -8 °c 775 - 773 мм.рт.ст.
 ВыбралТюмень в 15.02.2019 15:38:31. Данные:      Тюмень  -5 -  -8 °c 758 - 757 мм.рт.ст.
 ВыбралЧелябинск в 15.02.2019 15:38:31. Данные:   Челябинск  -5 -  -7 °c 763 - 761 мм.рт.ст.
 ВыбралОмск в 15.02.2019 15:38:32. Данные:        Омск  -9 - -12 °c 766 - 763 мм.рт.ст.
 ВыбралМинусинск в 15.02.2019 15:38:32. Данные:   Минусинск  -7 - -13 °c 776 - 773 мм.рт.ст.
 ВыбралКанск в 15.02.2019 15:38:33. Данные:       Канск  -8 - -13 °c 775 - 773 мм.рт.ст.
 ВыбралДудинка в 15.02.2019 15:38:33. Данные:     Дудинка -12 - -16 °c 750 - 745 мм.рт.ст.
 ВыбралБарнаул в 15.02.2019 15:38:34. Данные:     Барнаул -10 - -13 °c 774 - 772 мм.рт.ст.
 ВыбралАчинск в 15.02.2019 15:38:34. Данные:      Ачинск  -4 -  -8 °c 773 - 772 мм.рт.ст.
 ВыбралАрхангельск в 15.02.2019 15:38:35. Данные:  Архангельск   0 -  -1 °c 740 - 737 мм.рт.ст.
 ВыбралКанск в 15.02.2019 15:38:36. Данные:       Канск  -8 - -13 °c 775 - 773 мм.рт.ст.
 ВыбралНорильск в 15.02.2019 15:38:36. Данные:    Норильск  -8 - -14 °c 749 - 743 мм.рт.ст.
 ВыбралНорильск в 15.02.2019 15:38:37. Данные:    Норильск  -8 - -14 °c 749 - 743 мм.рт.ст.
 ВыбралЧелябинск в 15.02.2019 15:38:37. Данные:   Челябинск  -5 -  -7 °c 763 - 761 мм.рт.ст.
 ВыбралМосква в 15.02.2019 15:38:38. Данные:      Москва   1 -   0 °c 761 - 760 мм.рт.ст.
 ВыбралЕкатеринбург в 15.02.2019 16:02:45. Данные:  Екатеринбург  -4 -  -6 °c 760 - 758 мм.рт.ст.
 ВыбралМосква в 15.02.2019 16:02:46. Данные:      Москва   1 -   0 °c 761 - 760 мм.рт.ст.
 ВыбралБарнаул в 15.02.2019 16:02:47. Данные:     Барнаул -10 - -13 °c 774 - 772 мм.рт.ст.
 ВыбралМосква в 15.02.2019 16:02:48. Данные:      Москва   1 -   0 °c 761 - 760 мм.рт.ст.
 ВыбралСанкт-Петербург в 15.02.2019 16:02:48. Данные:  Санкт-Петербург   3 -   3 °c 760 - 758 мм.рт.ст.
 ВыбралКанск в 15.02.2019 16:02:48. Данные:       Канск  -8 - -13 °c 775 - 773 мм.рт.ст.
 ВыбралДудинка в 15.02.2019 16:02:49. Данные:     Дудинка -12 - -16 °c 750 - 745 мм.рт.ст.
 ВыбралДудинка в 15.02.2019 16:03:26. Данные:     Дудинка -12 - -16 °c 750 - 745 мм.рт.ст.
 ВыбралКемерово в 15.02.2019 16:03:26. Данные:    Кемерово  -8 - -10 °c 774 - 772 мм.рт.ст.
 ВыбралСанкт-Петербург в 15.02.2019 16:03:27. Данные:  Санкт-Петербург   3 -   3 °c 760 - 758 мм.рт.ст.
 ВыбралБарнаул в 15.02.2019 16:03:27. Данные:     Барнаул -10 - -13 °c 774 - 772 мм.рт.ст.
 ВыбралКанск в 15.02.2019 16:03:28. Данные:       Канск  -8 - -13 °c 775 - 773 мм.рт.ст.
 ВыбралМосква в 15.02.2019 16:03:28. Данные:      Москва   1 -   0 °c 761 - 760 мм.рт.ст.
 ВыбралОмск в 15.02.2019 16:03:29. Данные:        Омск  -9 - -12 °c 766 - 763 мм.рт.ст.
 ВыбралИркутск в 15.02.2019 16:03:29. Данные:     Иркутск  -9 - -16 °c 778 - 777 мм.рт.ст.
 ВыбралБратск в 15.02.2019 16:03:29. Данные:      Братск -12 - -17 °c 776 - 775 мм.рт.ст.
 ВыбралНовосибирск в 15.02.2019 16:03:30. Данные:  Новосибирск -10 - -13 °c 773 - 771 мм.рт.ст.
 ВыбралСанкт-Петербург в 15.02.2019 16:03:30. Данные:  Санкт-Петербург   3 -   3 °c 760 - 758 мм.рт.ст.
 ВыбралИркутск в 15.02.2019 16:03:30. Данные:     Иркутск  -9 - -16 °c 778 - 777 мм.рт.ст.
 ВыбралКанск в 15.02.2019 16:09:23. Данные:       Канск  -8 - -13 °c 775 - 773 мм.рт.ст.
 ВыбралДудинка в 15.02.2019 16:09:24. Данные:     Дудинка -12 - -16 °c 750 - 745 мм.рт.ст.
 ВыбралНорильск в 15.02.2019 16:09:24. Данные:    Норильск  -8 - -14 °c 749 - 743 мм.рт.ст.
 ВыбралТомск в 15.02.2019 16:09:25. Данные:       Томск  -7 -  -9 °c 773 - 770 мм.рт.ст.
 ВыбралНовосибирск в 15.02.2019 16:09:25. Данные:  Новосибирск -10 - -13 °c 773 - 771 мм.рт.ст.
 ВыбралКанск в 15.02.2019 16:09:26. Данные:       Канск  -8 - -13 °c 775 - 773 мм.рт.ст.
 ВыбралБарнаул в 15.02.2019 16:09:26. Данные:     Барнаул -10 - -13 °c 774 - 772 мм.рт.ст.
 ВыбралДудинка в 15.02.2019 16:09:27. Данные:     Дудинка -12 - -16 °c 750 - 745 мм.рт.ст.
 ВыбралКемерово в 15.02.2019 16:09:27. Данные:    Кемерово  -8 - -10 °c 774 - 772 мм.рт.ст.
 ВыбралМосква в 15.02.2019 16:09:27. Данные:      Москва   1 -   0 °c 761 - 760 мм.рт.ст.
 ВыбралИркутск в 15.02.2019 16:09:28. Данные:     Иркутск  -9 - -16 °c 778 - 777 мм.рт.ст.
 ВыбралБарнаул в 15.02.2019 16:09:28. Данные:     Барнаул -10 - -13 °c 774 - 772 мм.рт.ст.
 ВыбралКанск в 15.02.2019 16:09:29. Данные:       Канск  -8 - -13 °c 775 - 773 мм.рт.ст.
 ВыбралБарнаул в 15.02.2019 16:09:29. Данные:     Барнаул -10 - -13 °c 774 - 772 мм.рт.ст.
 ВыбралАрхангельск в 15.02.2019 16:09:30. Данные:  Архангельск   0 -  -1 °c 740 - 737 мм.рт.ст.
 ВыбралЕкатеринбург в 15.02.2019 16:09:30. Данные:  Екатеринбург  -4 -  -6 °c 760 - 758 мм.рт.ст.
 ВыбралМирный в 15.02.2019 16:09:31. Данные:      Мирный   0 -   0 °c 743 - 741 мм.рт.ст.
 ВыбралОмск в 15.02.2019 16:09:31. Данные:        Омск  -9 - -12 °c 766 - 763 мм.рт.ст.
 ВыбралКемерово в 15.02.2019 16:09:31. Данные:    Кемерово  -8 - -10 °c 774 - 772 мм.рт.ст.
 ВыбралНовосибирск в 15.02.2019 16:09:32. Данные:  Новосибирск -10 - -13 °c 773 - 771 мм.рт.ст.
 Выбрал Ачинск в 15.02.2019 23:56:49. Данные:      Ачинск  -9 - -10 °c 771 - 769 мм.рт.ст.
 Выбрал Братск в 15.02.2019 23:56:51. Данные:      Братск -16 - -17 °c 776 - 776 мм.рт.ст.
 Выбрал Екатеринбург в 16.02.2019 0:06:18. Данные:   Екатеринбург  -6 - -10 °c 759 - 756 мм.рт.ст.
 Выбрал Минусинск в 16.02.2019 0:06:18. Данные:   Минусинск -18 - -23 °c 775 - 775 мм.рт.ст.
 Выбрал Ачинск в 16.02.2019 0:06:19. Данные:      Ачинск  -9 - -10 °c 771 - 769 мм.рт.ст.
 Выбрал Архангельск в 16.02.2019 0:06:19. Данные:   Архангельск   0 -  -2 °c 746 - 740 мм.рт.ст.
 Выбрал Кемерово в 16.02.2019 0:06:20. Данные:    Кемерово -10 - -11 °c 769 - 767 мм.рт.ст.
 Выбрал Екатеринбург в 16.02.2019 0:06:20. Данные:   Екатеринбург  -6 - -10 °c 759 - 756 мм.рт.ст.
 Выбрал Канск в 16.02.2019 0:47:54. Данные:       Канск -15 - -19 °c 773 - 772 мм.рт.ст.
 Выбрал Братск в 16.02.2019 0:47:54. Данные:      Братск -16 - -17 °c 776 - 776 мм.рт.ст.
 Выбрал Ачинск в 16.02.2019 0:47:55. Данные:      Ачинск  -9 - -10 °c 771 - 769 мм.рт.ст.
 Выбрал Канск в 16.02.2019 0:47:55. Данные:       Канск -15 - -19 °c 773 - 772 мм.рт.ст.
 Выбрал Томск в 16.02.2019 0:47:56. Данные:       Томск  -8 -  -9 °c 768 - 764 мм.рт.ст.
 Выбрал Челябинск в 16.02.2019 0:47:57. Данные:   Челябинск -13 - -16 °c 759 - 755 мм.рт.ст.
 Выбрал Томск в 16.02.2019 0:47:57. Данные:       Томск  -8 -  -9 °c 768 - 764 мм.рт.ст.
 Выбрал Красноярск в 16.02.2019 0:47:58. Данные:   Красноярск -13 - -15 °c 773 - 770 мм.рт.ст.
 Выбрал Архангельск в 16.02.2019 0:48:01. Данные:   Архангельск   0 -  -2 °c 746 - 740 мм.рт.ст.
 Выбрал Барнаул в 16.02.2019 0:48:01. Данные:     Барнаул -10 - -11 °c 770 - 768 мм.рт.ст.
 Выбрал Дудинка в 16.02.2019 0:48:02. Данные:     Дудинка -26 - -28 °c 756 - 755 мм.рт.ст.
 Выбрал Екатеринбург в 16.02.2019 0:48:03. Данные:   Екатеринбург  -9 - -10 °c 756 - 752 мм.рт.ст.
 Выбрал Иркутск в 16.02.2019 0:48:03. Данные:     Иркутск -17 - -19 °c 777 - 776 мм.рт.ст.
 Выбрал Канск в 16.02.2019 0:48:04. Данные:       Канск -15 - -19 °c 773 - 772 мм.рт.ст.
 Выбрал Ачинск в 16.02.2019 0:48:08. Данные:      Ачинск  -9 - -10 °c 771 - 769 мм.рт.ст.
 Выбрал Архангельск в 16.02.2019 0:48:08. Данные:   Архангельск   0 -  -2 °c 746 - 740 мм.рт.ст.
 Выбрал Томск в 16.02.2019 0:48:09. Данные:       Томск  -8 -  -9 °c 768 - 764 мм.рт.ст.
 Выбрал Челябинск в 16.02.2019 0:48:09. Данные:   Челябинск -13 - -16 °c 759 - 755 мм.рт.ст.
 Выбрал Санкт-Петербург в 16.02.2019 0:48:10. Данные:   Санкт-Петербург   2 -   0 °c 760 - 758 мм.рт.ст.
 Выбрал Тюмень в 16.02.2019 0:48:15. Данные:      Тюмень  -6 - -11 °c 758 - 757 мм.рт.ст.
 Выбрал Челябинск в 16.02.2019 0:48:16. Данные:   Челябинск -13 - -16 °c 759 - 755 мм.рт.ст.
 Выбрал Мирный в 16.02.2019 0:49:01. Данные:      Мирный   0 -  -1 °c 746 - 743 мм.рт.ст.
 Выбрал Тюмень в 16.02.2019 0:49:02. Данные:      Тюмень  -6 - -11 °c 758 - 757 мм.рт.ст.
 Выбрал Челябинск в 16.02.2019 0:49:02. Данные:   Челябинск -13 - -16 °c 759 - 755 мм.рт.ст.
 Выбрал Норильск в 16.02.2019 0:49:02. Данные:    Норильск -23 - -27 °c 756 - 755 мм.рт.ст.
 Выбрал Красноярск в 16.02.2019 0:49:03. Данные:   Красноярск -13 - -15 °c 773 - 770 мм.рт.ст.
 Выбрал Красноярск в 16.02.2019 0:49:17. Данные:   Красноярск -13 - -15 °c 773 - 770 мм.рт.ст.
 Выбрал Кемерово в 16.02.2019 0:49:57. Данные:    Кемерово -10 - -11 °c 769 - 767 мм.рт.ст.
 Выбрал Дудинка в 16.02.2019 0:49:58. Данные:     Дудинка -26 - -28 °c 756 - 755 мм.рт.ст.
 Выбрал Барнаул в 16.02.2019 0:49:58. Данные:     Барнаул -10 - -11 °c 770 - 768 мм.рт.ст.
 Выбрал Архангельск в 16.02.2019 0:49:59. Данные:   Архангельск   0 -  -2 °c 746 - 740 мм.рт.ст.
 Выбрал Красноярск в 16.02.2019 0:50:00. Данные:   Красноярск -13 - -15 °c 773 - 770 мм.рт.ст.
 Выбрал Иркутск в 16.02.2019 0:54:36. Данные:     Иркутск -17 - -19 °c 777 - 776 мм.рт.ст.
 Выбрал Братск в 16.02.2019 0:54:37. Данные:      Братск -16 - -17 °c 776 - 776 мм.рт.ст.
 Выбрал Ачинск в 16.02.2019 0:54:37. Данные:      Ачинск  -9 - -10 °c 771 - 769 мм.рт.ст.
 Выбрал Братск в 16.02.2019 0:54:38. Данные:      Братск -16 - -17 °c 776 - 776 мм.рт.ст.
 Выбрал Минусинск в 16.02.2019 0:59:12. Данные:   Минусинск -18 - -23 °c 775 - 775 мм.рт.ст.
 Выбрал Иркутск в 16.02.2019 0:59:13. Данные:     Иркутск -17 - -19 °c 777 - 776 мм.рт.ст.
 Выбрал Братск в 16.02.2019 0:59:13. Данные:      Братск -16 - -17 °c 776 - 776 мм.рт.ст.
 Выбрал Ачинск в 16.02.2019 0:59:14. Данные:      Ачинск  -9 - -10 °c 771 - 769 мм.рт.ст.
 Выбрал Кемерово в 16.02.2019 0:59:14. Данные:    Кемерово -10 - -11 °c 769 - 767 мм.рт.ст.
 Выбрал Омск в 16.02.2019 0:59:15. Данные:        Омск -15 - -16 °c 761 - 760 мм.рт.ст.
 Выбрал Канск в 16.02.2019 0:59:15. Данные:       Канск -15 - -19 °c 773 - 772 мм.рт.ст.
 Выбрал Дудинка в 16.02.2019 0:59:16. Данные:     Дудинка -26 - -28 °c 756 - 755 мм.рт.ст.
 Выбрал Барнаул в 16.02.2019 0:59:16. Данные:     Барнаул -10 - -11 °c 770 - 768 мм.рт.ст.
 Выбрал Архангельск в 16.02.2019 0:59:17. Данные:   Архангельск   0 -  -2 °c 746 - 740 мм.рт.ст.
 Выбрал Кемерово в 16.02.2019 1:03:03. Данные:    Кемерово -10 - -11 °c 769 - 767 мм.рт.ст.
 Выбрал Братск в 16.02.2019 1:03:03. Данные:      Братск -16 - -17 °c 776 - 776 мм.рт.ст.
 Выбрал Ачинск в 16.02.2019 1:03:04. Данные:      Ачинск  -9 - -10 °c 771 - 769 мм.рт.ст.
 Выбрал Архангельск в 16.02.2019 1:03:05. Данные:   Архангельск   0 -  -2 °c 746 - 740 мм.рт.ст.
 Выбрал Иркутск в 16.02.2019 1:03:09. Данные:     Иркутск -17 - -19 °c 777 - 776 мм.рт.ст.
 Выбрал Омск в 16.02.2019 1:03:10. Данные:        Омск -15 - -16 °c 761 - 760 мм.рт.ст.
 Выбрал Кемерово в 16.02.2019 1:03:11. Данные:    Кемерово -10 - -11 °c 769 - 767 мм.рт.ст.
 Выбрал Братск в 16.02.2019 1:03:11. Данные:      Братск -16 - -17 °c 776 - 776 мм.рт.ст.
 Выбрал Дудинка в 16.02.2019 1:03:12. Данные:     Дудинка -26 - -28 °c 756 - 755 мм.рт.ст.
 Выбрал Канск в 16.02.2019 1:03:16. Данные:       Канск -15 - -19 °c 773 - 772 мм.рт.ст.
 Выбрал Омск в 16.02.2019 1:03:16. Данные:        Омск -15 - -16 °c 761 - 760 мм.рт.ст.
 Выбрал Томск в 16.02.2019 1:03:17. Данные:       Томск  -8 -  -9 °c 768 - 764 мм.рт.ст.
 Выбрал Красноярск в 16.02.2019 1:03:17. Данные:   Красноярск -13 - -15 °c 773 - 770 мм.рт.ст.
 Выбрал Дудинка в 16.02.2019 1:03:17. Данные:     Дудинка -26 - -28 °c 756 - 755 мм.рт.ст.
 Выбрал Архангельск в 16.02.2019 1:03:18. Данные:   Архангельск   0 -  -2 °c 746 - 740 мм.рт.ст.
 Выбрал Барнаул в 16.02.2019 1:03:18. Данные:     Барнаул -10 - -11 °c 770 - 768 мм.рт.ст.
 Выбрал Кемерово в 16.02.2019 1:03:19. Данные:    Кемерово -10 - -11 °c 769 - 767 мм.рт.ст.
 Выбрал Мирный в 16.02.2019 1:03:19. Данные:      Мирный   0 -  -1 °c 746 - 743 мм.рт.ст.
 Выбрал Кемерово в 16.02.2019 1:03:21. Данные:    Кемерово -10 - -11 °c 769 - 767 мм.рт.ст.
 Выбрал Барнаул в 16.02.2019 1:03:21. Данные:     Барнаул -10 - -11 °c 770 - 768 мм.рт.ст.
 Выбрал Екатеринбург в 16.02.2019 20:40:49. Данные:   Екатеринбург  -4 -  -7 °c 748 - 747 мм.рт.ст.
 Выбрал Барнаул в 16.02.2019 20:40:50. Данные:     Барнаул  -2 -  -4 °c 767 - 766 мм.рт.ст.
 Выбрал Норильск в 16.02.2019 20:40:50. Данные:    Норильск -27 - -30 °c 755 - 752 мм.рт.ст.
 Выбрал Минусинск в 16.02.2019 20:40:51. Данные:   Минусинск  -8 - -15 °c 770 - 769 мм.рт.ст.
 Выбрал Иркутск в 16.02.2019 20:40:51. Данные:     Иркутск  -8 - -13 °c 770 - 769 мм.рт.ст.
 Выбрал Дудинка в 16.02.2019 20:40:52. Данные:     Дудинка -27 - -31 °c 755 - 752 мм.рт.ст.
 Выбрал Барнаул в 16.02.2019 20:40:52. Данные:     Барнаул  -2 -  -4 °c 767 - 766 мм.рт.ст.
 Выбрал Архангельск в 16.02.2019 20:40:53. Данные:   Архангельск  -1 -  -3 °c 746 - 737 мм.рт.ст.
 Выбрал Екатеринбург в 16.02.2019 20:40:53. Данные:   Екатеринбург  -4 -  -7 °c 748 - 747 мм.рт.ст.
 Выбрал Новосибирск в 16.02.2019 20:40:54. Данные:   Новосибирск  -4 -  -6 °c 764 - 763 мм.рт.ст.
 Выбрал Новосибирск в 16.02.2019 20:40:54. Данные:   Новосибирск  -4 -  -6 °c 764 - 763 мм.рт.ст.
 Выбрал Новосибирск в 16.02.2019 20:40:55. Данные:   Новосибирск  -4 -  -6 °c 764 - 763 мм.рт.ст.
 Выбрал Дудинка в 16.02.2019 20:40:56. Данные:     Дудинка -27 - -31 °c 755 - 752 мм.рт.ст.
 Выбрал Канск в 16.02.2019 20:40:56. Данные:       Канск  -5 -  -8 °c 766 - 765 мм.рт.ст.
 Выбрал Кемерово в 16.02.2019 20:40:57. Данные:    Кемерово  -3 -  -4 °c 764 - 764 мм.рт.ст.
 Выбрал Дудинка в 16.02.2019 20:40:59. Данные:     Дудинка -27 - -31 °c 755 - 752 мм.рт.ст.
 Выбрал Красноярск в 16.02.2019 20:41:03. Данные:   Красноярск  -6 -  -6 °c 766 - 766 мм.рт.ст.
 Выбрал Ачинск в 16.02.2019 20:41:44. Данные:      Ачинск  -1 -  -2 °c 764 - 764 мм.рт.ст.
 Выбрал Минусинск в 16.02.2019 20:41:45. Данные:   Минусинск  -8 - -15 °c 770 - 769 мм.рт.ст.
 Выбрал Минусинск в 16.02.2019 20:41:46. Данные:   Минусинск  -8 - -15 °c 770 - 769 мм.рт.ст.
 Выбрал Челябинск в 16.02.2019 20:41:46. Данные:   Челябинск  -6 - -11 °c 750 - 750 мм.рт.ст.
 Выбрал Красноярск в 16.02.2019 20:41:47. Данные:   Красноярск  -6 -  -6 °c 766 - 766 мм.рт.ст.
 Выбрал Иркутск в 16.02.2019 20:44:38. Данные:     Иркутск  -8 - -13 °c 770 - 769 мм.рт.ст.
 Выбрал Новосибирск в 16.02.2019 20:44:38. Данные:   Новосибирск  -4 -  -6 °c 764 - 763 мм.рт.ст.
 Выбрал Кемерово в 16.02.2019 20:44:39. Данные:    Кемерово  -3 -  -4 °c 764 - 764 мм.рт.ст.
 Выбрал Барнаул в 16.02.2019 20:44:39. Данные:     Барнаул  -2 -  -4 °c 767 - 766 мм.рт.ст.
 Выбрал Кемерово в 16.02.2019 22:31:19. Данные:    Кемерово  -3 -  -4 °c 764 - 764 мм.рт.ст.
 Выбрал Дудинка в 16.02.2019 22:31:19. Данные:     Дудинка -27 - -31 °c 755 - 752 мм.рт.ст.
 Выбрал Москва в 16.02.2019 22:31:20. Данные:      Москва   0 -  -1 °c 760 - 755 мм.рт.ст.
 Выбрал Тюмень в 16.02.2019 22:31:20. Данные:      Тюмень  -8 - -10 °c 752 - 750 мм.рт.ст.
 Выбрал Красноярск в 16.02.2019 22:31:21. Данные:   Красноярск  -6 -  -6 °c 766 - 766 мм.рт.ст.
 Выбрал Дудинка в 16.02.2019 22:31:21. Данные:     Дудинка -27 - -31 °c 755 - 752 мм.рт.ст.
 Выбрал Архангельск в 16.02.2019 22:31:21. Данные:   Архангельск  -1 -  -3 °c 746 - 737 мм.рт.ст.
 Выбрал Екатеринбург в 16.02.2019 22:31:22. Данные:   Екатеринбург  -4 -  -7 °c 748 - 747 мм.рт.ст.
 Выбрал Омск в 16.02.2019 22:31:22. Данные:        Омск -10 - -11 °c 759 - 758 мм.рт.ст.
 Выбрал Томск в 16.02.2019 22:31:22. Данные:       Томск  -5 -  -8 °c 763 - 761 мм.рт.ст.
 Выбрал Красноярск в 16.02.2019 22:31:23. Данные:   Красноярск  -6 -  -6 °c 766 - 766 мм.рт.ст.
 Выбрал Дудинка в 16.02.2019 22:31:23. Данные:     Дудинка -27 - -31 °c 755 - 752 мм.рт.ст.
 Выбрал Барнаул в 16.02.2019 22:31:23. Данные:     Барнаул  -2 -  -4 °c 767 - 766 мм.рт.ст.
 Выбрал Кемерово в 16.02.2019 22:31:23. Данные:    Кемерово  -3 -  -4 °c 764 - 764 мм.рт.ст.
 Выбрал Новосибирск в 16.02.2019 22:31:24. Данные:   Новосибирск  -4 -  -6 °c 764 - 763 мм.рт.ст.
 Выбрал Томск в 16.02.2019 22:31:24. Данные:       Томск  -5 -  -8 °c 763 - 761 мм.рт.ст.
 Выбрал Москва в 16.02.2019 22:31:24. Данные:      Москва   0 -  -1 °c 760 - 755 мм.рт.ст.
 Выбрал Иркутск в 16.02.2019 22:42:10. Данные:     Иркутск -14 - -17 °c 769 - 768 мм.рт.ст.
 Выбрал Москва в 16.02.2019 22:42:10. Данные:      Москва   0 -  -1 °c 760 - 755 мм.рт.ст.
 Выбрал Екатеринбург в 16.02.2019 22:42:10. Данные:   Екатеринбург  -4 -  -7 °c 748 - 747 мм.рт.ст.
 Выбрал База не найдена. Есть МСК в 16.02.2019 22:47:16. Данные:   База не найдена. Есть МСК   0 -  -1 °c 760 - 755 мм.рт.ст.
 Выбрал Кемерово в 16.02.2019 22:47:32. Данные:    Кемерово  -3 -  -4 °c 764 - 764 мм.рт.ст.
 Выбрал Ачинск в 16.02.2019 22:47:33. Данные:      Ачинск  -1 -  -2 °c 764 - 764 мм.рт.ст.
 Выбрал Канск в 16.02.2019 22:47:33. Данные:       Канск  -5 -  -8 °c 766 - 765 мм.рт.ст.
 Выбрал Канск в 16.02.2019 22:47:33. Данные:       Канск  -5 -  -8 °c 766 - 765 мм.рт.ст.
 Выбрал Омск в 16.02.2019 22:47:34. Данные:        Омск -10 - -11 °c 759 - 758 мм.рт.ст.
 Выбрал Дудинка в 16.02.2019 22:47:34. Данные:     Дудинка -27 - -31 °c 755 - 752 мм.рт.ст.
 Выбрал Дудинка в 16.02.2019 22:47:34. Данные:     Дудинка -27 - -31 °c 755 - 752 мм.рт.ст.
 Выбрал Ачинск в 16.02.2019 22:47:34. Данные:      Ачинск  -1 -  -2 °c 764 - 764 мм.рт.ст.
 Выбрал Екатеринбург в 16.02.2019 22:47:35. Данные:   Екатеринбург  -4 -  -7 °c 748 - 747 мм.рт.ст.
 Выбрал Екатеринбург в 16.02.2019 22:47:35. Данные:   Екатеринбург  -4 -  -7 °c 748 - 747 мм.рт.ст.
 Выбрал Новосибирск в 16.02.2019 22:47:35. Данные:   Новосибирск  -4 -  -5 °c 763 - 761 мм.рт.ст.
 Выбрал Дудинка в 16.02.2019 22:47:36. Данные:     Дудинка -27 - -31 °c 755 - 752 мм.рт.ст.
 Выбрал Екатеринбург в 16.02.2019 22:49:44. Данные:   Екатеринбург  -4 -  -7 °c 748 - 747 мм.рт.ст.
 Выбрал Красноярск в 16.02.2019 22:49:44. Данные:   Красноярск  -6 -  -6 °c 766 - 766 мм.рт.ст.
 Выбрал Новосибирск в 16.02.2019 22:49:45. Данные:   Новосибирск  -4 -  -5 °c 763 - 761 мм.рт.ст.
 Выбрал Кемерово в 16.02.2019 22:49:45. Данные:    Кемерово  -3 -  -4 °c 764 - 764 мм.рт.ст.
 Выбрал Дудинка в 16.02.2019 22:49:46. Данные:     Дудинка -27 - -31 °c 755 - 752 мм.рт.ст.
 Выбрал Ачинск в 16.02.2019 22:49:46. Данные:      Ачинск  -1 -  -2 °c 764 - 764 мм.рт.ст.
 Выбрал Екатеринбург в 16.02.2019 22:49:47. Данные:   Екатеринбург  -4 -  -7 °c 748 - 747 мм.рт.ст.
 Выбрал Москва в 16.02.2019 22:49:47. Данные:      Москва   0 -  -1 °c 760 - 755 мм.рт.ст.
 Выбрал Томск в 16.02.2019 22:49:47. Данные:       Томск  -5 -  -8 °c 763 - 761 мм.рт.ст.
 Выбрал Тюмень в 16.02.2019 22:49:48. Данные:      Тюмень  -8 - -10 °c 752 - 750 мм.рт.ст.
 Выбрал Челябинск в 16.02.2019 22:49:48. Данные:   Челябинск  -6 - -11 °c 750 - 750 мм.рт.ст.
 Выбрал Омск в 16.02.2019 22:49:49. Данные:        Омск -10 - -11 °c 759 - 758 мм.рт.ст.
 Выбрал Красноярск в 16.02.2019 22:49:49. Данные:   Красноярск  -6 -  -6 °c 766 - 766 мм.рт.ст.
 Выбрал Екатеринбург в 16.02.2019 22:49:49. Данные:   Екатеринбург  -4 -  -7 °c 748 - 747 мм.рт.ст.
 Выбрал Братск в 16.02.2019 22:49:50. Данные:      Братск -12 - -15 °c 768 - 767 мм.рт.ст.
 Выбрал Архангельск в 16.02.2019 22:49:50. Данные:   Архангельск  -1 -  -3 °c 746 - 737 мм.рт.ст.
 Выбрал Барнаул в 16.02.2019 22:49:51. Данные:     Барнаул  -2 -  -4 °c 767 - 766 мм.рт.ст.
 Выбрал Дудинка в 16.02.2019 22:49:51. Данные:     Дудинка -27 - -31 °c 755 - 752 мм.рт.ст.
 Выбрал Канск в 16.02.2019 22:49:52. Данные:       Канск  -5 -  -8 °c 766 - 765 мм.рт.ст.
 Выбрал Минусинск в 16.02.2019 22:49:52. Данные:   Минусинск  -8 - -15 °c 770 - 769 мм.рт.ст.
 Выбрал Кемерово в 16.02.2019 22:49:53. Данные:    Кемерово  -3 -  -4 °c 764 - 764 мм.рт.ст.
 Выбрал Иркутск в 16.02.2019 22:49:53. Данные:     Иркутск -14 - -17 °c 769 - 768 мм.рт.ст.
 Выбрал Дудинка в 16.02.2019 22:49:53. Данные:     Дудинка -27 - -31 °c 755 - 752 мм.рт.ст.
 Выбрал Екатеринбург в 16.02.2019 22:49:54. Данные:   Екатеринбург  -4 -  -7 °c 748 - 747 мм.рт.ст.
 Выбрал Иркутск в 16.02.2019 22:49:54. Данные:     Иркутск -14 - -17 °c 769 - 768 мм.рт.ст.
 Выбрал Канск в 16.02.2019 22:49:56. Данные:       Канск  -5 -  -8 °c 766 - 765 мм.рт.ст.
 Выбрал Мирный в 16.02.2019 22:49:57. Данные:      Мирный  -2 -  -2 °c 749 - 740 мм.рт.ст.
 Выбрал Красноярск в 16.02.2019 22:49:57. Данные:   Красноярск  -6 -  -6 °c 766 - 766 мм.рт.ст.
 Выбрал Екатеринбург в 16.02.2019 22:49:58. Данные:   Екатеринбург  -4 -  -7 °c 748 - 747 мм.рт.ст.
 Выбрал Канск в 16.02.2019 22:49:58. Данные:       Канск  -5 -  -8 °c 766 - 765 мм.рт.ст.
 Выбрал Красноярск в 16.02.2019 22:49:59. Данные:   Красноярск  -6 -  -6 °c 766 - 766 мм.рт.ст.
 Выбрал Красноярск в 16.02.2019 22:49:59. Данные:   Красноярск  -6 -  -6 °c 766 - 766 мм.рт.ст.
 Выбрал Кемерово в 16.02.2019 22:50:00. Данные:    Кемерово  -3 -  -4 °c 764 - 764 мм.рт.ст.
 Выбрал Канск в 16.02.2019 22:50:00. Данные:       Канск  -5 -  -8 °c 766 - 765 мм.рт.ст.
 Выбрал Москва в 16.02.2019 22:50:01. Данные:      Москва   0 -  -1 °c 760 - 755 мм.рт.ст.
 Выбрал Санкт-Петербург в 16.02.2019 22:50:01. Данные:   Санкт-Петербург   3 -   1 °c 752 - 750 мм.рт.ст.
 Выбрал Челябинск в 16.02.2019 22:50:02. Данные:   Челябинск  -6 - -11 °c 750 - 750 мм.рт.ст.
 Выбрал Иркутск в 16.02.2019 22:50:02. Данные:     Иркутск -14 - -17 °c 769 - 768 мм.рт.ст.
 Выбрал Барнаул в 16.02.2019 22:50:02. Данные:     Барнаул  -2 -  -4 °c 767 - 766 мм.рт.ст.
 Выбрал Архангельск в 16.02.2019 22:50:03. Данные:   Архангельск  -1 -  -3 °c 746 - 737 мм.рт.ст.
 Выбрал Ачинск в 16.02.2019 22:50:04. Данные:      Ачинск  -1 -  -2 °c 764 - 764 мм.рт.ст.
 Выбрал Минусинск в 16.02.2019 22:51:59. Данные:   Минусинск -14 - -17 °c 770 - 770 мм.рт.ст.
 Выбрал Норильск в 16.02.2019 22:52:00. Данные:    Норильск -25 - -26 °c 752 - 750 мм.рт.ст.
 Выбрал Канск в 16.02.2019 22:52:00. Данные:       Канск  -8 -  -9 °c 765 - 764 мм.рт.ст.
 Выбрал Братск в 16.02.2019 22:52:01. Данные:      Братск -12 - -15 °c 768 - 767 мм.рт.ст.
 Выбрал Кемерово в 16.02.2019 22:52:01. Данные:    Кемерово  -4 -  -5 °c 764 - 763 мм.рт.ст.
 Выбрал Тюмень в 16.02.2019 22:52:01. Данные:      Тюмень  -8 - -10 °c 752 - 750 мм.рт.ст.
 Выбрал Норильск в 16.02.2019 22:52:02. Данные:    Норильск -25 - -26 °c 752 - 750 мм.рт.ст.
 Выбрал Иркутск в 16.02.2019 22:52:02. Данные:     Иркутск -14 - -17 °c 769 - 768 мм.рт.ст.
 Выбрал Барнаул в 16.02.2019 22:52:02. Данные:     Барнаул  -2 -  -3 °c 766 - 764 мм.рт.ст.
 Выбрал Архангельск в 16.02.2019 22:52:03. Данные:   Архангельск  -1 -  -3 °c 746 - 737 мм.рт.ст.
 Выбрал Ачинск в 16.02.2019 22:52:03. Данные:      Ачинск  -2 -  -3 °c 764 - 764 мм.рт.ст.
 Выбрал Барнаул в 16.02.2019 22:52:04. Данные:     Барнаул  -2 -  -3 °c 766 - 764 мм.рт.ст.
 Выбрал Братск в 16.02.2019 22:52:04. Данные:      Братск -12 - -15 °c 768 - 767 мм.рт.ст.
 Выбрал Дудинка в 16.02.2019 22:52:05. Данные:     Дудинка -31 - -32 °c 752 - 750 мм.рт.ст.
 Выбрал Иркутск в 16.02.2019 22:52:05. Данные:     Иркутск -14 - -17 °c 769 - 768 мм.рт.ст.
 Выбрал Красноярск в 16.02.2019 22:52:06. Данные:   Красноярск  -6 -  -6 °c 766 - 766 мм.рт.ст.
 Выбрал Москва в 16.02.2019 22:52:06. Данные:      Москва   0 -  -1 °c 760 - 755 мм.рт.ст.
 Выбрал Омск в 16.02.2019 22:52:06. Данные:        Омск -10 - -11 °c 759 - 758 мм.рт.ст.
 Выбрал Тюмень в 16.02.2019 22:52:07. Данные:      Тюмень  -8 - -10 °c 752 - 750 мм.рт.ст.
 Выбрал Омск в 16.02.2019 22:52:07. Данные:        Омск -10 - -11 °c 759 - 758 мм.рт.ст.
 Выбрал Красноярск в 16.02.2019 22:52:30. Данные:   Красноярск  -6 -  -6 °c 766 - 766 мм.рт.ст.
 Выбрал Екатеринбург в 16.02.2019 22:52:30. Данные:   Екатеринбург  -4 -  -7 °c 748 - 747 мм.рт.ст.
 Выбрал Архангельск в 16.02.2019 22:52:31. Данные:   Архангельск  -1 -  -3 °c 746 - 737 мм.рт.ст.
 Выбрал Кемерово в 16.02.2019 22:52:32. Данные:    Кемерово  -4 -  -5 °c 764 - 763 мм.рт.ст.
 Выбрал Новосибирск в 16.02.2019 22:52:32. Данные:   Новосибирск  -4 -  -5 °c 763 - 761 мм.рт.ст.
 Выбрал Тюмень в 16.02.2019 22:52:33. Данные:      Тюмень  -8 - -10 °c 752 - 750 мм.рт.ст.
 Выбрал Омск в 16.02.2019 22:52:33. Данные:        Омск -10 - -11 °c 759 - 758 мм.рт.ст.
 Выбрал Красноярск в 16.02.2019 22:52:33. Данные:   Красноярск  -6 -  -6 °c 766 - 766 мм.рт.ст.
 Выбрал Барнаул в 16.02.2019 22:52:34. Данные:     Барнаул  -2 -  -3 °c 766 - 764 мм.рт.ст.
 Выбрал Ачинск в 16.02.2019 22:52:34. Данные:      Ачинск  -2 -  -3 °c 764 - 764 мм.рт.ст.
 Выбрал Кемерово в 16.02.2019 22:52:35. Данные:    Кемерово  -4 -  -5 °c 764 - 763 мм.рт.ст.
 Выбрал Новосибирск в 16.02.2019 22:52:35. Данные:   Новосибирск  -4 -  -5 °c 763 - 761 мм.рт.ст.
 Выбрал Новосибирск в 16.02.2019 22:52:35. Данные:   Новосибирск  -4 -  -5 °c 763 - 761 мм.рт.ст.
 Выбрал Москва в 16.02.2019 22:52:45. Данные:      Москва   0 -  -1 °c 760 - 755 мм.рт.ст.
 Выбрал Канск в 16.02.2019 22:52:46. Данные:       Канск  -8 -  -9 °c 765 - 764 мм.рт.ст.
 Выбрал Екатеринбург в 16.02.2019 22:52:46. Данные:   Екатеринбург  -4 -  -7 °c 748 - 747 мм.рт.ст.
 Выбрал Братск в 16.02.2019 22:52:47. Данные:      Братск -12 - -15 °c 768 - 767 мм.рт.ст.
 Выбрал Ачинск в 16.02.2019 22:52:48. Данные:      Ачинск  -2 -  -3 °c 764 - 764 мм.рт.ст.
 Выбрал Екатеринбург в 16.02.2019 22:52:48. Данные:   Екатеринбург  -4 -  -7 °c 748 - 747 мм.рт.ст.
 Выбрал Мирный в 16.02.2019 22:52:49. Данные:      Мирный  -2 -  -2 °c 749 - 740 мм.рт.ст.
 Выбрал Санкт-Петербург в 16.02.2019 22:52:49. Данные:   Санкт-Петербург   3 -   1 °c 752 - 750 мм.рт.ст.
 Выбрал Дудинка в 16.02.2019 22:52:51. Данные:     Дудинка -31 - -32 °c 752 - 750 мм.рт.ст.
